1:package com.learn.demo.iotest;
2:
3:import java.io.*;
4:
5:/**
6: * @author daizhiyue
7: * @date 2019-03-13 15:24
8: */
9:public class BasicFileOutShortcut {
10:
11:    static String file = "BasicFileOutShortcut.out";
12:
13:    public static void main(String[] args) throws IOException{
14:        BufferedReader in = new BufferedReader(new StringReader(
15:                BufferedInputFile.read("D:\\idea\\basiclearn\\basiclearn\\src\\main\\java\\com\\learn\\demo\\iotest\\BasicFileOutShortcut.java")
16:        ));
17:        PrintWriter out = new PrintWriter(file);
18:        int lineCount = 1;
19:        String s;
20:        while ((s=in.readLine()) != null) {
21:            out.println(lineCount++ + ":" +s);
22:        }
23:        out.flush();
24:        out.close();
25:        System.out.println(BufferedInputFile.read(file));
26:
27:    }
28:}
